<?xml version="1.0" encoding="UTF-8"?>
<!-- Generated by org.testng.reporters.JUnitXMLReporter -->
<testsuite hostname="monicas-MacBook-Pro.local" name="Surefire test" tests="3" failures="1" timestamp="19 Nov 2018 23:39:23 GMT" time="0.059" errors="0">
  <testcase name="testEven" time="0.015" classname="JavaTesting.EvenorOddTest"/>
  <testcase name="testOdd" time="0.001" classname="JavaTesting.EvenorOddTest"/>
  <testcase name="testzero" time="0.002" classname="JavaTesting.EvenorOddTest">
    <failure type="java.lang.AssertionError" message="0 Is Even expected [0 Is neither even nor odd] but found [Checking even number]">
      <![CDATA[java.lang.AssertionError: 0 Is Even expected [0 Is neither even nor odd] but found [Checking even number]
	at JavaTesting.EvenorOddTest.testzero(EvenorOddTest.java:29)
	at org.apache.maven.surefire.testng.TestNGExecutor.run(TestNGExecutor.java:135)
	at org.apache.maven.surefire.testng.TestNGDirectoryTestSuite.executeMulti(TestNGDirectoryTestSuite.java:193)
	at org.apache.maven.surefire.testng.TestNGDirectoryTestSuite.execute(TestNGDirectoryTestSuite.java:94)
	at org.apache.maven.surefire.testng.TestNGProvider.invoke(TestNGProvider.java:146)
	at org.apache.maven.surefire.booter.ForkedBooter.invokeProviderInSameClassLoader(ForkedBooter.java:373)
	at org.apache.maven.surefire.booter.ForkedBooter.runSuitesInProcess(ForkedBooter.java:334)
	at org.apache.maven.surefire.booter.ForkedBooter.execute(ForkedBooter.java:119)
	at org.apache.maven.surefire.booter.ForkedBooter.main(ForkedBooter.java:407)
... Removed 25 stack frames]]>
    </failure>
  </testcase> <!-- testzero -->
</testsuite> <!-- Surefire test -->
